Jul 29 09:48:22 Updated: nspr-4.19.0-1.el7_5.x86_64
Jul 29 09:48:22 Updated: nss-util-3.36.0-1.el7_5.x86_64
Jul 29 09:48:22 Updated: libgcc-4.8.5-28.el7_5.1.x86_64
Jul 29 09:48:22 Updated: libcom_err-1.42.9-12.el7_5.x86_64
Jul 29 09:48:24 Updated: python-libs-2.7.5-69.el7_5.x86_64
Jul 29 09:48:24 Updated: python-2.7.5-69.el7_5.x86_64
Jul 29 09:48:24 Updated: libss-1.42.9-12.el7_5.x86_64
Jul 29 09:48:24 Updated: e2fsprogs-libs-1.42.9-12.el7_5.x86_64
Jul 29 09:48:25 Updated: nss-softokn-freebl-3.36.0-5.el7_5.x86_64
Jul 29 09:48:25 Updated: nss-softokn-3.36.0-5.el7_5.x86_64
Jul 29 09:48:25 Updated: nss-3.36.0-5.el7_5.x86_64
Jul 29 09:48:25 Updated: nss-sysinit-3.36.0-5.el7_5.x86_64
Jul 29 09:48:25 Updated: 1:NetworkManager-libnm-1.10.2-16.el7_5.x86_64
Jul 29 09:48:25 Updated: 1:NetworkManager-1.10.2-16.el7_5.x86_64
Jul 29 09:48:26 Updated: nss-tools-3.36.0-5.el7_5.x86_64
Jul 29 09:48:26 Updated: openldap-2.4.44-15.el7_5.x86_64
Jul 29 09:48:26 Updated: 12:dhcp-libs-4.2.5-68.el7.centos.1.x86_64
Jul 29 09:48:26 Updated: 12:dhcp-common-4.2.5-68.el7.centos.1.x86_64
Jul 29 09:48:26 Updated: centos-release-7-5.1804.el7.centos.2.x86_64
Jul 29 09:48:26 Updated: kernel-tools-libs-3.10.0-862.9.1.el7.x86_64
Jul 29 09:48:33 Updated: selinux-policy-3.13.1-192.el7_5.4.noarch
Jul 29 09:48:41 Updated: linux-firmware-20180220-62.2.git6d51311.el7_5.noarch
Jul 29 09:48:45 Installed: kernel-3.10.0-862.9.1.el7.x86_64
Jul 29 09:48:56 Updated: selinux-policy-targeted-3.13.1-192.el7_5.4.noarch
Jul 29 09:48:57 Updated: kernel-tools-3.10.0-862.9.1.el7.x86_64
Jul 29 09:48:57 Updated: 12:dhclient-4.2.5-68.el7.centos.1.x86_64
Jul 29 09:48:57 Updated: sudo-1.8.19p2-14.el7_5.x86_64
Jul 29 09:48:57 Updated: gnupg2-2.0.22-5.el7_5.x86_64
Jul 29 09:48:57 Updated: 1:NetworkManager-tui-1.10.2-16.el7_5.x86_64
Jul 29 09:48:57 Updated: 1:NetworkManager-team-1.10.2-16.el7_5.x86_64
Jul 29 09:48:57 Updated: 1:NetworkManager-wifi-1.10.2-16.el7_5.x86_64
Jul 29 09:48:58 Updated: e2fsprogs-1.42.9-12.el7_5.x86_64
Jul 29 09:48:58 Updated: python-perf-3.10.0-862.9.1.el7.x86_64
Jul 29 09:48:58 Updated: krb5-libs-1.15.1-19.el7.x86_64
Jul 29 09:48:58 Updated: rsyslog-8.24.0-16.el7_5.4.x86_64
Jul 29 09:48:58 Updated: libstdc++-4.8.5-28.el7_5.1.x86_64
Jul 29 09:48:58 Updated: iwl6000g2a-firmware-17.168.5.3-62.2.el7_5.noarch
Jul 29 09:48:58 Updated: iwl5000-firmware-8.83.5.1_1-62.2.el7_5.noarch
Jul 29 09:48:59 Updated: tzdata-2018e-3.el7.noarch
Jul 29 09:48:59 Updated: iwl135-firmware-18.168.6.1-62.2.el7_5.noarch
Jul 29 09:48:59 Updated: iwl6050-firmware-41.28.5.1-62.2.el7_5.noarch
Jul 29 09:48:59 Updated: iwl7260-firmware-22.0.7.0-62.2.el7_5.noarch
Jul 29 09:49:00 Updated: 2:microcode_ctl-2.1-29.2.el7_5.x86_64
Jul 29 09:49:00 Updated: iwl2000-firmware-18.168.6.1-62.2.el7_5.noarch
Jul 29 09:49:00 Updated: procps-ng-3.3.10-17.el7_5.2.x86_64
Jul 29 09:49:01 Updated: binutils-2.27-28.base.el7_5.1.x86_64
Jul 29 09:49:01 Updated: iwl3945-firmware-15.32.2.9-62.2.el7_5.noarch
Jul 29 09:49:01 Updated: iwl6000g2b-firmware-17.168.5.2-62.2.el7_5.noarch
Jul 29 09:49:02 Updated: iwl3160-firmware-22.0.7.0-62.2.el7_5.noarch
Jul 29 09:49:02 Updated: iwl5150-firmware-8.24.2.2-62.2.el7_5.noarch
Jul 29 09:49:02 Updated: iwl100-firmware-39.31.5.1-62.2.el7_5.noarch
Jul 29 09:49:02 Updated: 1:iwl1000-firmware-39.31.5.1-62.2.el7_5.noarch
Jul 29 09:49:02 Updated: ca-certificates-2018.2.22-70.0.el7_5.noarch
Jul 29 09:49:02 Updated: iwl4965-firmware-228.61.2.24-62.2.el7_5.noarch
Jul 29 09:49:02 Updated: iwl6000-firmware-9.221.4.1-62.2.el7_5.noarch
Jul 29 09:49:03 Updated: iwl105-firmware-18.168.6.1-62.2.el7_5.noarch
Jul 29 09:49:03 Updated: iptables-1.4.21-24.1.el7_5.x86_64
Jul 29 09:49:03 Updated: iwl2030-firmware-18.168.6.1-62.2.el7_5.noarch
Jul 29 09:49:03 Updated: libgomp-4.8.5-28.el7_5.1.x86_64
Jul 29 09:49:04 Updated: iwl7265-firmware-22.0.7.0-62.2.el7_5.noarch
Jul 29 09:53:25 Installed: mpfr-3.1.1-4.el7.x86_64
Jul 29 09:53:25 Installed: libmpc-1.0.1-3.el7.x86_64
Jul 29 09:53:26 Installed: cpp-4.8.5-28.el7_5.1.x86_64
Jul 29 09:53:26 Installed: 1:perl-parent-0.225-244.el7.noarch
Jul 29 09:53:26 Installed: perl-HTTP-Tiny-0.033-3.el7.noarch
Jul 29 09:53:26 Installed: perl-podlators-2.5.1-3.el7.noarch
Jul 29 09:53:26 Installed: perl-Pod-Perldoc-3.20-4.el7.noarch
Jul 29 09:53:26 Installed: perl-Text-ParseWords-3.29-4.el7.noarch
Jul 29 09:53:26 Installed: 1:perl-Pod-Escapes-1.04-292.el7.noarch
Jul 29 09:53:26 Installed: perl-Encode-2.51-7.el7.x86_64
Jul 29 09:53:26 Installed: perl-Pod-Usage-1.63-3.el7.noarch
Jul 29 09:53:26 Installed: 4:perl-macros-5.16.3-292.el7.x86_64
Jul 29 09:53:26 Installed: 4:perl-libs-5.16.3-292.el7.x86_64
Jul 29 09:53:27 Installed: perl-Storable-2.45-3.el7.x86_64
Jul 29 09:53:27 Installed: perl-Exporter-5.68-3.el7.noarch
Jul 29 09:53:27 Installed: perl-constant-1.27-2.el7.noarch
Jul 29 09:53:27 Installed: perl-Time-Local-1.2300-2.el7.noarch
Jul 29 09:53:27 Installed: perl-Socket-2.010-4.el7.x86_64
Jul 29 09:53:27 Installed: perl-Carp-1.26-244.el7.noarch
Jul 29 09:53:27 Installed: perl-PathTools-3.40-5.el7.x86_64
Jul 29 09:53:27 Installed: perl-Scalar-List-Utils-1.27-248.el7.x86_64
Jul 29 09:53:27 Installed: perl-File-Temp-0.23.01-3.el7.noarch
Jul 29 09:53:27 Installed: perl-File-Path-2.09-2.el7.noarch
Jul 29 09:53:27 Installed: perl-threads-shared-1.43-6.el7.x86_64
Jul 29 09:53:27 Installed: perl-threads-1.87-4.el7.x86_64
Jul 29 09:53:27 Installed: 4:perl-Time-HiRes-1.9725-3.el7.x86_64
Jul 29 09:53:27 Installed: perl-Filter-1.49-3.el7.x86_64
Jul 29 09:53:27 Installed: 1:perl-Pod-Simple-3.28-4.el7.noarch
Jul 29 09:53:27 Installed: perl-Getopt-Long-2.40-3.el7.noarch
Jul 29 09:53:29 Installed: 4:perl-5.16.3-292.el7.x86_64
Jul 29 09:53:29 Installed: gpm-libs-1.20.7-5.el7.x86_64
Jul 29 09:53:30 Installed: kernel-headers-3.10.0-862.9.1.el7.x86_64
Jul 29 09:53:30 Installed: glibc-headers-2.17-222.el7.x86_64
Jul 29 09:53:30 Installed: glibc-devel-2.17-222.el7.x86_64
Jul 29 09:53:32 Installed: gcc-4.8.5-28.el7_5.1.x86_64
Jul 29 09:53:32 Installed: 1:mc-4.8.7-11.el7.x86_64
Jul 29 09:53:32 Installed: wget-1.14-15.el7_4.1.x86_64
Jul 29 10:05:06 Installed: keyutils-libs-devel-1.5.8-3.el7.x86_64
Jul 29 10:05:06 Installed: libcom_err-devel-1.42.9-12.el7_5.x86_64
Jul 29 10:05:06 Installed: libkadm5-1.15.1-19.el7.x86_64
Jul 29 10:05:07 Installed: libsepol-devel-2.5-8.1.el7.x86_64
Jul 29 10:05:07 Installed: pcre-devel-8.32-17.el7.x86_64
Jul 29 10:05:07 Installed: libselinux-devel-2.5-12.el7.x86_64
Jul 29 10:05:07 Installed: libverto-devel-0.2.5-4.el7.x86_64
Jul 29 10:05:07 Installed: krb5-devel-1.15.1-19.el7.x86_64
Jul 29 10:05:07 Installed: zlib-devel-1.2.7-17.el7.x86_64
Jul 29 10:05:08 Installed: 1:openssl-devel-1.0.2k-12.el7.x86_64
Jul 29 10:05:08 Installed: bc-1.06.95-13.el7.x86_64
Jul 29 10:05:08 Installed: ncurses-devel-5.9-14.20130511.el7_4.x86_64
Jul 29 10:06:34 Installed: elfutils-libelf-devel-0.170-4.el7.x86_64
Jul 29 10:07:07 Installed: perl-srpm-macros-1-8.el7.noarch
Jul 29 10:07:07 Installed: dwz-0.11-3.el7.x86_64
Jul 29 10:07:07 Installed: unzip-6.0-19.el7.x86_64
Jul 29 10:07:07 Installed: patch-2.7.1-10.el7_5.x86_64
Jul 29 10:07:07 Installed: gdb-7.6.1-110.el7.x86_64
Jul 29 10:07:07 Installed: elfutils-0.170-4.el7.x86_64
Jul 29 10:07:07 Installed: perl-Thread-Queue-3.02-2.el7.noarch
Jul 29 10:07:07 Installed: zip-3.0-11.el7.x86_64
Jul 29 10:07:07 Installed: redhat-rpm-config-9.1.0-80.el7.centos.noarch
Jul 29 10:07:07 Installed: bzip2-1.0.6-13.el7.x86_64
Jul 29 10:07:07 Installed: rpm-build-4.11.3-32.el7.x86_64
